2022-01-17 14:07:51,863  INFO [main] CarSavaariRunner:14 - URL invoked Successfuly
2022-01-17 14:07:52,659  INFO [main] CarSavaariRunner:14 - Page opend with title Book Outstation Cabs, Local & Airport Taxi Service - India's Leading Car Rentals
2022-01-17 14:07:55,536  INFO [main] CarSavaariRunner:14 - button is clicked in page button
2022-01-17 14:07:56,150  INFO [main] CarSavaariRunner:14 - name is clicked in page id
2022-01-17 14:07:56,591  INFO [main] CarSavaariRunner:14 - name is send in page id
2022-01-17 14:07:57,310  INFO [main] CarSavaariRunner:14 - pass is clicked in page pwd
2022-01-17 14:07:57,814  INFO [main] CarSavaariRunner:14 - pass is send in page pwd
2022-01-17 14:07:58,469  INFO [main] CarSavaariRunner:14 - click is clicked in page login
2022-01-17 14:07:59,301  INFO [main] CarSavaariRunner:14 - Travel Agent is clicked in page Travel Agent
2022-01-17 14:08:05,729  INFO [main] CarSavaariRunner:14 - Travel Agent details shown 
2022-01-17 14:08:06,463  INFO [main] CarSavaariRunner:14 - home page is clicked in page home page
2022-01-17 14:08:09,451  INFO [main] CarSavaariRunner:14 - from place is clicked in page from
2022-01-17 14:08:10,137  INFO [main] CarSavaariRunner:14 - place is send in page from
2022-01-17 14:08:11,088  INFO [main] CarSavaariRunner:14 - place is clicked in page to
2022-01-17 14:08:11,729  INFO [main] CarSavaariRunner:14 - place is send in page to
2022-01-17 14:08:14,856  INFO [main] CarSavaariRunner:14 - selected is clicked in page select
2022-01-17 14:08:17,092  INFO [main] CarSavaariRunner:14 - Successfully verified
2022-01-17 14:08:17,641  INFO [main] CarSavaariRunner:14 - home page is clicked in page home page
2022-01-17 14:08:22,127  INFO [main] CarSavaariRunner:14 - outstation is clicked is clicked in page outstation is clicked
2022-01-17 14:08:22,935  INFO [main] CarSavaariRunner:14 - round is clicked in page round
2022-01-17 14:08:23,919  INFO [main] CarSavaariRunner:14 - selected is clicked in page select
2022-01-17 14:08:26,471  INFO [main] CarSavaariRunner:14 - select car is clicked in page select
2022-01-17 14:08:26,761  INFO [main] CarSavaariRunner:14 - booking detail shown 
2022-01-17 14:08:27,264  INFO [main] CarSavaariRunner:14 - home page is clicked in page home page
2022-01-17 14:08:28,178  INFO [main] CarSavaariRunner:14 - local is clicked in page local
2022-01-17 14:08:29,130  INFO [main] CarSavaariRunner:14 - selected is clicked in page select
2022-01-17 14:08:31,712  INFO [main] CarSavaariRunner:14 - select car is clicked in page select
2022-01-17 14:08:31,933  INFO [main] CarSavaariRunner:14 - booking detail shown 
2022-01-17 14:08:32,428  INFO [main] CarSavaariRunner:14 - home page is clicked in page home page
2022-01-17 14:08:33,379  INFO [main] CarSavaariRunner:14 - airport is clicked in page airport
2022-01-17 14:08:34,327  INFO [main] CarSavaariRunner:14 - car rental is clicked in page rental
2022-01-17 14:08:36,845  INFO [main] CarSavaariRunner:14 - name is clicked in page name
2022-01-17 14:08:37,966  INFO [main] CarSavaariRunner:14 - name is send in page name
2022-01-17 14:08:39,194  INFO [main] CarSavaariRunner:14 - company name is clicked in page compname
2022-01-17 14:08:40,134  INFO [main] CarSavaariRunner:14 - company name is send in page compname
2022-01-17 14:08:41,405  INFO [main] CarSavaariRunner:14 - email is clicked in page email
2022-01-17 14:08:42,401  INFO [main] CarSavaariRunner:14 - email is send in page email
2022-01-17 14:08:43,617  INFO [main] CarSavaariRunner:14 - phone no is clicked in page phoneno
2022-01-17 14:08:44,666  INFO [main] CarSavaariRunner:14 - phone no is send in page phoneno
2022-01-17 14:08:47,981  INFO [main] CarSavaariRunner:14 - submit is clicked in page submit
2022-01-17 14:08:52,014  INFO [main] CarSavaariRunner:14 - result detail shown 
2022-01-17 14:08:53,255  INFO [main] CarSavaariRunner:14 - home page is clicked in page home page
2022-01-17 14:08:53,780  INFO [main] CarSavaariRunner:14 - insta is clicked is clicked in page insta is clicked
2022-01-17 14:08:59,091  INFO [main] CarSavaariRunner:14 - result detail shown 
2022-01-17 14:08:59,857  INFO [main] CarSavaariRunner:14 - clickbutton is clicked in page clickbutton
2022-01-17 14:09:00,357  INFO [main] CarSavaariRunner:14 - done is clicked in page done
