2022-01-17 16:30:59,922  INFO [main] CarSavaariRunner:14 - URL invoked Successfuly
2022-01-17 16:31:00,645  INFO [main] CarSavaariRunner:14 - Page opend with title Book Outstation Cabs, Local & Airport Taxi Service - India's Leading Car Rentals
2022-01-17 16:31:05,489  INFO [main] CarSavaariRunner:14 - button is clicked in page button
2022-01-17 16:31:06,089  INFO [main] CarSavaariRunner:14 - name is clicked in page id
2022-01-17 16:31:06,546  INFO [main] CarSavaariRunner:14 - name is send in page id
2022-01-17 16:31:07,169  INFO [main] CarSavaariRunner:14 - pass is clicked in page pwd
2022-01-17 16:31:07,613  INFO [main] CarSavaariRunner:14 - pass is send in page pwd
2022-01-17 16:31:08,287  INFO [main] CarSavaariRunner:14 - click is clicked in page login
2022-01-17 16:31:08,932  INFO [main] CarSavaariRunner:14 - Successfully logged in
2022-01-17 16:31:13,894  INFO [main] CarSavaariRunner:14 - Travel Agent is clicked in page Travel Agent
2022-01-17 16:31:24,936  INFO [main] CarSavaariRunner:14 - Travel Agent details shown 
2022-01-17 16:31:25,563  INFO [main] CarSavaariRunner:14 - home page is clicked in page home page
2022-01-17 16:31:28,630  INFO [main] CarSavaariRunner:14 - from place is clicked in page from
2022-01-17 16:31:29,341  INFO [main] CarSavaariRunner:14 - place is send in page from
2022-01-17 16:31:30,135  INFO [main] CarSavaariRunner:14 - place is clicked in page to
2022-01-17 16:31:30,694  INFO [main] CarSavaariRunner:14 - place is send in page to
2022-01-17 16:31:33,729  INFO [main] CarSavaariRunner:14 - selected is clicked in page select
2022-01-17 16:31:35,930  INFO [main] CarSavaariRunner:14 - Successfully verified
2022-01-17 16:31:36,404  INFO [main] CarSavaariRunner:14 - home page is clicked in page home page
2022-01-17 16:31:40,895  INFO [main] CarSavaariRunner:14 - outstation is clicked is clicked in page outstation is clicked
2022-01-17 16:31:41,725  INFO [main] CarSavaariRunner:14 - round is clicked in page round
2022-01-17 16:31:42,611  INFO [main] CarSavaariRunner:14 - selected is clicked in page select
2022-01-17 16:31:45,113  INFO [main] CarSavaariRunner:14 - select car is clicked in page select
2022-01-17 16:31:45,357  INFO [main] CarSavaariRunner:14 - booking detail shown 
2022-01-17 16:31:45,864  INFO [main] CarSavaariRunner:14 - home page is clicked in page home page
2022-01-17 16:31:46,929  INFO [main] CarSavaariRunner:14 - local is clicked in page local
2022-01-17 16:31:47,868  INFO [main] CarSavaariRunner:14 - selected is clicked in page select
2022-01-17 16:31:50,376  INFO [main] CarSavaariRunner:14 - select car is clicked in page select
2022-01-17 16:31:50,546  INFO [main] CarSavaariRunner:14 - booking detail shown 
2022-01-17 16:31:51,077  INFO [main] CarSavaariRunner:14 - home page is clicked in page home page
2022-01-17 16:31:52,032  INFO [main] CarSavaariRunner:14 - airport is clicked in page airport
2022-01-17 16:31:52,929  INFO [main] CarSavaariRunner:14 - dropaddress is clicked in page address
2022-01-17 16:31:53,589  INFO [main] CarSavaariRunner:14 - dropaddress is send in page address
2022-01-17 16:31:54,213 ERROR [main] CarSavaariRunner:21 - dropaddress is not able clicked in page address
2022-01-17 16:31:55,115  INFO [main] CarSavaariRunner:14 - car rental is clicked in page rental
2022-01-17 16:31:57,622  INFO [main] CarSavaariRunner:14 - name is clicked in page name
2022-01-17 16:31:58,603  INFO [main] CarSavaariRunner:14 - name is send in page name
2022-01-17 16:31:59,728  INFO [main] CarSavaariRunner:14 - company name is clicked in page compname
2022-01-17 16:32:00,672  INFO [main] CarSavaariRunner:14 - company name is send in page compname
2022-01-17 16:32:01,810  INFO [main] CarSavaariRunner:14 - email is clicked in page email
2022-01-17 16:32:02,809  INFO [main] CarSavaariRunner:14 - email is send in page email
2022-01-17 16:32:04,034  INFO [main] CarSavaariRunner:14 - phone no is clicked in page phoneno
2022-01-17 16:32:04,995  INFO [main] CarSavaariRunner:14 - phone no is send in page phoneno
2022-01-17 16:32:08,324  INFO [main] CarSavaariRunner:14 - submit is clicked in page submit
2022-01-17 16:32:12,337  INFO [main] CarSavaariRunner:14 - result detail shown 
2022-01-17 16:32:13,522  INFO [main] CarSavaariRunner:14 - home page is clicked in page home page
2022-01-17 16:32:14,063  INFO [main] CarSavaariRunner:14 - insta is clicked is clicked in page insta is clicked
2022-01-17 16:32:19,359  INFO [main] CarSavaariRunner:14 - result detail shown 
2022-01-17 16:32:20,171  INFO [main] CarSavaariRunner:14 - clickbutton is clicked in page clickbutton
2022-01-17 16:32:20,686  INFO [main] CarSavaariRunner:14 - done is clicked in page done
