2022-01-17 14:05:45,561  INFO [main] CarSavaariRunner:14 - URL invoked Successfuly
2022-01-17 14:05:46,343  INFO [main] CarSavaariRunner:14 - Page opend with title Book Outstation Cabs, Local & Airport Taxi Service - India's Leading Car Rentals
2022-01-17 14:05:49,295  INFO [main] CarSavaariRunner:14 - button is clicked in page button
2022-01-17 14:05:49,909  INFO [main] CarSavaariRunner:14 - name is clicked in page id
2022-01-17 14:05:50,336  INFO [main] CarSavaariRunner:14 - name is send in page id
2022-01-17 14:05:51,021  INFO [main] CarSavaariRunner:14 - pass is clicked in page pwd
2022-01-17 14:05:51,506  INFO [main] CarSavaariRunner:14 - pass is send in page pwd
2022-01-17 14:05:52,165  INFO [main] CarSavaariRunner:14 - click is clicked in page login
2022-01-17 14:05:52,644  INFO [main] CarSavaariRunner:14 - Successfully logged in
2022-01-17 14:05:57,655  INFO [main] CarSavaariRunner:14 - Travel Agent is clicked in page Travel Agent
2022-01-17 14:06:02,405  INFO [main] CarSavaariRunner:14 - Travel Agent details shown 
2022-01-17 14:06:03,076  INFO [main] CarSavaariRunner:14 - home page is clicked in page home page
2022-01-17 14:06:06,098  INFO [main] CarSavaariRunner:14 - from place is clicked in page from
2022-01-17 14:06:06,836  INFO [main] CarSavaariRunner:14 - place is send in page from
2022-01-17 14:06:07,767  INFO [main] CarSavaariRunner:14 - place is clicked in page to
2022-01-17 14:06:08,351  INFO [main] CarSavaariRunner:14 - place is send in page to
2022-01-17 14:06:11,469  INFO [main] CarSavaariRunner:14 - selected is clicked in page select
2022-01-17 14:06:11,644  INFO [main] CarSavaariRunner:14 - Successfully verified
2022-01-17 14:06:12,207  INFO [main] CarSavaariRunner:14 - home page is clicked in page home page
2022-01-17 14:06:16,753  INFO [main] CarSavaariRunner:14 - outstation is clicked is clicked in page outstation is clicked
2022-01-17 14:06:17,687  INFO [main] CarSavaariRunner:14 - round is clicked in page round
2022-01-17 14:06:18,596  INFO [main] CarSavaariRunner:14 - selected is clicked in page select
2022-01-17 14:06:21,185  INFO [main] CarSavaariRunner:14 - select car is clicked in page select
2022-01-17 14:06:21,520  INFO [main] CarSavaariRunner:14 - booking detail shown 
2022-01-17 14:06:22,160  INFO [main] CarSavaariRunner:14 - home page is clicked in page home page
2022-01-17 14:06:23,134  INFO [main] CarSavaariRunner:14 - local is clicked in page local
2022-01-17 14:06:23,980  INFO [main] CarSavaariRunner:14 - selected is clicked in page select
2022-01-17 14:06:26,527  INFO [main] CarSavaariRunner:14 - select car is clicked in page select
2022-01-17 14:06:26,762  INFO [main] CarSavaariRunner:14 - booking detail shown 
2022-01-17 14:06:27,272  INFO [main] CarSavaariRunner:14 - home page is clicked in page home page
2022-01-17 14:06:28,118  INFO [main] CarSavaariRunner:14 - airport is clicked in page airport
2022-01-17 14:06:29,003  INFO [main] CarSavaariRunner:14 - car rental is clicked in page rental
2022-01-17 14:06:31,613  INFO [main] CarSavaariRunner:14 - name is clicked in page name
2022-01-17 14:06:32,554  INFO [main] CarSavaariRunner:14 - name is send in page name
2022-01-17 14:06:33,633  INFO [main] CarSavaariRunner:14 - company name is clicked in page compname
2022-01-17 14:06:34,504  INFO [main] CarSavaariRunner:14 - company name is send in page compname
2022-01-17 14:06:35,641  INFO [main] CarSavaariRunner:14 - email is clicked in page email
2022-01-17 14:06:36,571  INFO [main] CarSavaariRunner:14 - email is send in page email
2022-01-17 14:06:37,710  INFO [main] CarSavaariRunner:14 - phone no is clicked in page phoneno
2022-01-17 14:06:38,658  INFO [main] CarSavaariRunner:14 - phone no is send in page phoneno
2022-01-17 14:06:41,894  INFO [main] CarSavaariRunner:14 - submit is clicked in page submit
2022-01-17 14:06:45,918  INFO [main] CarSavaariRunner:14 - result detail shown 
2022-01-17 14:06:47,060  INFO [main] CarSavaariRunner:14 - home page is clicked in page home page
2022-01-17 14:06:47,612  INFO [main] CarSavaariRunner:14 - insta is clicked is clicked in page insta is clicked
2022-01-17 14:06:52,875  INFO [main] CarSavaariRunner:14 - result detail shown 
2022-01-17 14:06:53,648  INFO [main] CarSavaariRunner:14 - clickbutton is clicked in page clickbutton
2022-01-17 14:06:54,125  INFO [main] CarSavaariRunner:14 - done is clicked in page done
