2022-01-17 14:26:25,656  INFO [main] CarSavaariRunner:14 - URL invoked Successfuly
2022-01-17 14:26:26,372  INFO [main] CarSavaariRunner:14 - Page opend with title Book Outstation Cabs, Local & Airport Taxi Service - India's Leading Car Rentals
2022-01-17 14:26:31,267  INFO [main] CarSavaariRunner:14 - button is clicked in page button
2022-01-17 14:26:31,996  INFO [main] CarSavaariRunner:14 - name is clicked in page id
2022-01-17 14:26:32,479  INFO [main] CarSavaariRunner:14 - name is send in page id
2022-01-17 14:26:33,133  INFO [main] CarSavaariRunner:14 - pass is clicked in page pwd
2022-01-17 14:26:33,593  INFO [main] CarSavaariRunner:14 - pass is send in page pwd
2022-01-17 14:26:34,282  INFO [main] CarSavaariRunner:14 - click is clicked in page login
2022-01-17 14:26:34,863  INFO [main] CarSavaariRunner:14 - Successfully logged in
2022-01-17 14:26:39,848  INFO [main] CarSavaariRunner:14 - Travel Agent is clicked in page Travel Agent
2022-01-17 14:26:48,847  INFO [main] CarSavaariRunner:14 - Travel Agent details shown 
2022-01-17 14:26:49,553  INFO [main] CarSavaariRunner:14 - home page is clicked in page home page
2022-01-17 14:26:52,501  INFO [main] CarSavaariRunner:14 - from place is clicked in page from
2022-01-17 14:26:53,181  INFO [main] CarSavaariRunner:14 - place is send in page from
2022-01-17 14:26:54,111  INFO [main] CarSavaariRunner:14 - place is clicked in page to
2022-01-17 14:26:54,757  INFO [main] CarSavaariRunner:14 - place is send in page to
2022-01-17 14:26:57,771  INFO [main] CarSavaariRunner:14 - selected is clicked in page select
2022-01-17 14:26:59,966  INFO [main] CarSavaariRunner:14 - Successfully verified
2022-01-17 14:27:00,453  INFO [main] CarSavaariRunner:14 - home page is clicked in page home page
2022-01-17 14:27:05,354  INFO [main] CarSavaariRunner:14 - outstation is clicked is clicked in page outstation is clicked
2022-01-17 14:27:06,250  INFO [main] CarSavaariRunner:14 - round is clicked in page round
2022-01-17 14:27:07,129  INFO [main] CarSavaariRunner:14 - selected is clicked in page select
2022-01-17 14:27:09,678  INFO [main] CarSavaariRunner:14 - select car is clicked in page select
2022-01-17 14:27:09,912  INFO [main] CarSavaariRunner:14 - booking detail shown 
2022-01-17 14:27:10,401  INFO [main] CarSavaariRunner:14 - home page is clicked in page home page
2022-01-17 14:27:11,450  INFO [main] CarSavaariRunner:14 - local is clicked in page local
2022-01-17 14:27:12,387  INFO [main] CarSavaariRunner:14 - selected is clicked in page select
2022-01-17 14:27:14,908  INFO [main] CarSavaariRunner:14 - select car is clicked in page select
2022-01-17 14:27:15,108  INFO [main] CarSavaariRunner:14 - booking detail shown 
2022-01-17 14:27:15,634  INFO [main] CarSavaariRunner:14 - home page is clicked in page home page
2022-01-17 14:27:16,539  INFO [main] CarSavaariRunner:14 - airport is clicked in page airport
2022-01-17 14:27:27,627  INFO [main] CarSavaariRunner:14 - car rental is clicked in page rental
2022-01-17 14:27:30,148  INFO [main] CarSavaariRunner:14 - name is clicked in page name
2022-01-17 14:27:31,102  INFO [main] CarSavaariRunner:14 - name is send in page name
2022-01-17 14:27:32,426  INFO [main] CarSavaariRunner:14 - company name is clicked in page compname
2022-01-17 14:27:33,495  INFO [main] CarSavaariRunner:14 - company name is send in page compname
2022-01-17 14:27:34,821  INFO [main] CarSavaariRunner:14 - email is clicked in page email
2022-01-17 14:27:35,716  INFO [main] CarSavaariRunner:14 - email is send in page email
2022-01-17 14:27:36,984  INFO [main] CarSavaariRunner:14 - phone no is clicked in page phoneno
2022-01-17 14:27:38,004  INFO [main] CarSavaariRunner:14 - phone no is send in page phoneno
2022-01-17 14:27:41,444  INFO [main] CarSavaariRunner:14 - submit is clicked in page submit
2022-01-17 14:27:45,574  INFO [main] CarSavaariRunner:14 - result detail shown 
2022-01-17 14:27:46,754  INFO [main] CarSavaariRunner:14 - home page is clicked in page home page
2022-01-17 14:27:47,294  INFO [main] CarSavaariRunner:14 - insta is clicked is clicked in page insta is clicked
2022-01-17 14:27:52,572  INFO [main] CarSavaariRunner:14 - result detail shown 
2022-01-17 14:27:53,383  INFO [main] CarSavaariRunner:14 - clickbutton is clicked in page clickbutton
2022-01-17 14:27:53,856  INFO [main] CarSavaariRunner:14 - done is clicked in page done
