2022-01-18 13:08:44,644  INFO [main] CarSavaariRunner:14 - URL invoked Successfuly
2022-01-18 13:08:45,863  INFO [main] CarSavaariRunner:14 - Page opend with title Book Outstation Cabs, Local & Airport Taxi Service - India's Leading Car Rentals
2022-01-18 13:08:50,830  INFO [main] CarSavaariRunner:14 - button is clicked in page button
2022-01-18 13:08:51,489  INFO [main] CarSavaariRunner:14 - name is clicked in page id
2022-01-18 13:08:51,971  INFO [main] CarSavaariRunner:14 - name is send in page id
2022-01-18 13:08:52,702  INFO [main] CarSavaariRunner:14 - pass is clicked in page pwd
2022-01-18 13:08:53,276  INFO [main] CarSavaariRunner:14 - pass is send in page pwd
2022-01-18 13:08:54,040  INFO [main] CarSavaariRunner:14 - click is clicked in page login
2022-01-18 13:08:54,661  INFO [main] CarSavaariRunner:14 - Successfully logged in
2022-01-18 13:08:59,739  INFO [main] CarSavaariRunner:14 - Travel Agent is clicked in page Travel Agent
2022-01-18 13:09:10,173  INFO [main] CarSavaariRunner:14 - Travel Agent details shown 
2022-01-18 13:09:11,027  INFO [main] CarSavaariRunner:14 - home page is clicked in page home page
2022-01-18 13:09:14,122  INFO [main] CarSavaariRunner:14 - from place is clicked in page from
2022-01-18 13:09:14,894  INFO [main] CarSavaariRunner:14 - place is send in page from
2022-01-18 13:09:15,913  INFO [main] CarSavaariRunner:14 - place is clicked in page to
2022-01-18 13:09:16,626  INFO [main] CarSavaariRunner:14 - place is send in page to
2022-01-18 13:09:17,626  INFO [main] CarSavaariRunner:14 - selected is clicked in page select
2022-01-18 13:09:42,541 ERROR [main] CarSavaariRunner:21 - outstation is clicked is not able clicked in page outstation is clicked
2022-01-18 13:10:06,817 ERROR [main] CarSavaariRunner:21 - local is not able clicked in page local
2022-01-18 13:10:31,122 ERROR [main] CarSavaariRunner:21 - airport is not able clicked in page airport
2022-01-18 13:10:55,454 ERROR [main] CarSavaariRunner:21 - car rental is not able clicked in page rental
2022-01-18 13:11:19,813 ERROR [main] CarSavaariRunner:21 - insta is clicked is not able clicked in page insta is clicked
2022-01-18 13:11:44,050 ERROR [main] CarSavaariRunner:21 - clickbutton is not able clicked in page clickbutton
