2022-01-17 14:14:37,699  INFO [main] CarSavaariRunner:14 - URL invoked Successfuly
2022-01-17 14:14:38,475  INFO [main] CarSavaariRunner:14 - Page opend with title Book Outstation Cabs, Local & Airport Taxi Service - India's Leading Car Rentals
2022-01-17 14:14:43,412  INFO [main] CarSavaariRunner:14 - button is clicked in page button
2022-01-17 14:14:44,135  INFO [main] CarSavaariRunner:14 - name is clicked in page id
2022-01-17 14:14:44,699  INFO [main] CarSavaariRunner:14 - name is send in page id
2022-01-17 14:14:45,396  INFO [main] CarSavaariRunner:14 - pass is clicked in page pwd
2022-01-17 14:14:45,806  INFO [main] CarSavaariRunner:14 - pass is send in page pwd
2022-01-17 14:14:46,560  INFO [main] CarSavaariRunner:14 - click is clicked in page login
2022-01-17 14:14:47,073  INFO [main] CarSavaariRunner:14 - Successfully logged in
2022-01-17 14:14:52,050  INFO [main] CarSavaariRunner:14 - Travel Agent is clicked in page Travel Agent
2022-01-17 14:14:59,816  INFO [main] CarSavaariRunner:14 - Travel Agent details shown 
2022-01-17 14:15:00,548  INFO [main] CarSavaariRunner:14 - home page is clicked in page home page
2022-01-17 14:15:03,506  INFO [main] CarSavaariRunner:14 - from place is clicked in page from
2022-01-17 14:15:04,219  INFO [main] CarSavaariRunner:14 - place is send in page from
2022-01-17 14:15:05,136  INFO [main] CarSavaariRunner:14 - place is clicked in page to
2022-01-17 14:15:05,829  INFO [main] CarSavaariRunner:14 - place is send in page to
2022-01-17 14:15:08,995  INFO [main] CarSavaariRunner:14 - selected is clicked in page select
2022-01-17 14:15:11,207  INFO [main] CarSavaariRunner:14 - Successfully verified
2022-01-17 14:15:11,698  INFO [main] CarSavaariRunner:14 - home page is clicked in page home page
2022-01-17 14:15:16,716  INFO [main] CarSavaariRunner:14 - outstation is clicked is clicked in page outstation is clicked
2022-01-17 14:15:17,596  INFO [main] CarSavaariRunner:14 - round is clicked in page round
2022-01-17 14:15:18,565  INFO [main] CarSavaariRunner:14 - selected is clicked in page select
2022-01-17 14:15:21,123  INFO [main] CarSavaariRunner:14 - select car is clicked in page select
2022-01-17 14:15:21,457  INFO [main] CarSavaariRunner:14 - booking detail shown 
2022-01-17 14:15:22,010  INFO [main] CarSavaariRunner:14 - home page is clicked in page home page
2022-01-17 14:15:22,909  INFO [main] CarSavaariRunner:14 - local is clicked in page local
2022-01-17 14:15:23,914  INFO [main] CarSavaariRunner:14 - selected is clicked in page select
2022-01-17 14:15:26,464  INFO [main] CarSavaariRunner:14 - select car is clicked in page select
2022-01-17 14:15:26,665  INFO [main] CarSavaariRunner:14 - booking detail shown 
2022-01-17 14:15:27,155  INFO [main] CarSavaariRunner:14 - home page is clicked in page home page
2022-01-17 14:15:28,126  INFO [main] CarSavaariRunner:14 - airport is clicked in page airport
2022-01-17 14:15:39,191  INFO [main] CarSavaariRunner:14 - car rental is clicked in page rental
2022-01-17 14:15:41,743  INFO [main] CarSavaariRunner:14 - name is clicked in page name
2022-01-17 14:15:42,772  INFO [main] CarSavaariRunner:14 - name is send in page name
2022-01-17 14:15:44,094  INFO [main] CarSavaariRunner:14 - company name is clicked in page compname
2022-01-17 14:15:45,165  INFO [main] CarSavaariRunner:14 - company name is send in page compname
2022-01-17 14:15:46,467  INFO [main] CarSavaariRunner:14 - email is clicked in page email
2022-01-17 14:15:47,472  INFO [main] CarSavaariRunner:14 - email is send in page email
2022-01-17 14:15:48,686  INFO [main] CarSavaariRunner:14 - phone no is clicked in page phoneno
2022-01-17 14:15:49,865  INFO [main] CarSavaariRunner:14 - phone no is send in page phoneno
2022-01-17 14:15:53,258  INFO [main] CarSavaariRunner:14 - submit is clicked in page submit
2022-01-17 14:15:57,290  INFO [main] CarSavaariRunner:14 - result detail shown 
2022-01-17 14:15:58,586  INFO [main] CarSavaariRunner:14 - home page is clicked in page home page
2022-01-17 14:15:59,120  INFO [main] CarSavaariRunner:14 - insta is clicked is clicked in page insta is clicked
2022-01-17 14:16:04,415  INFO [main] CarSavaariRunner:14 - result detail shown 
2022-01-17 14:16:05,214  INFO [main] CarSavaariRunner:14 - clickbutton is clicked in page clickbutton
2022-01-17 14:16:05,715  INFO [main] CarSavaariRunner:14 - done is clicked in page done
