2022-01-17 12:01:20,010  INFO [main] CarSavaariRunner:14 - URL invoked Successfuly
2022-01-17 12:01:20,819  INFO [main] CarSavaariRunner:14 - Page opend with title Book Outstation Cabs, Local & Airport Taxi Service - India's Leading Car Rentals
2022-01-17 12:01:23,721  INFO [main] CarSavaariRunner:14 - button is clicked in page button
2022-01-17 12:01:24,305  INFO [main] CarSavaariRunner:14 - name is clicked in page id
2022-01-17 12:01:24,762  INFO [main] CarSavaariRunner:14 - name is send in page id
2022-01-17 12:01:25,370  INFO [main] CarSavaariRunner:14 - pass is clicked in page pwd
2022-01-17 12:01:25,923  INFO [main] CarSavaariRunner:14 - pass is send in page pwd
2022-01-17 12:01:26,669  INFO [main] CarSavaariRunner:14 - click is clicked in page login
2022-01-17 12:01:27,345  INFO [main] CarSavaariRunner:14 - Successfully logged in
2022-01-17 12:01:32,377  INFO [main] CarSavaariRunner:14 - Travel Agent is clicked in page Travel Agent
2022-01-17 12:01:40,316  INFO [main] CarSavaariRunner:14 - Travel Agent details shown 
2022-01-17 12:01:41,053  INFO [main] CarSavaariRunner:14 - home page is clicked in page home page
2022-01-17 12:01:44,062  INFO [main] CarSavaariRunner:14 - from place is clicked in page from
2022-01-17 12:01:44,796  INFO [main] CarSavaariRunner:14 - place is send in page from
2022-01-17 12:01:45,805  INFO [main] CarSavaariRunner:14 - place is clicked in page to
2022-01-17 12:01:46,489  INFO [main] CarSavaariRunner:14 - place is send in page to
2022-01-17 12:01:49,644  INFO [main] CarSavaariRunner:14 - selected is clicked in page select
2022-01-17 12:01:49,882  INFO [main] CarSavaariRunner:14 - Successfully verified
2022-01-17 12:01:50,499  INFO [main] CarSavaariRunner:14 - home page is clicked in page home page
2022-01-17 12:01:55,094  INFO [main] CarSavaariRunner:14 - outstation is clicked is clicked in page outstation is clicked
2022-01-17 12:01:56,034  INFO [main] CarSavaariRunner:14 - round is clicked in page round
2022-01-17 12:01:57,029  INFO [main] CarSavaariRunner:14 - selected is clicked in page select
2022-01-17 12:01:59,695  INFO [main] CarSavaariRunner:14 - select car is clicked in page select
2022-01-17 12:02:00,038  INFO [main] CarSavaariRunner:14 - booking detail shown 
2022-01-17 12:02:00,659  INFO [main] CarSavaariRunner:14 - home page is clicked in page home page
2022-01-17 12:02:01,695  INFO [main] CarSavaariRunner:14 - local is clicked in page local
2022-01-17 12:02:02,681  INFO [main] CarSavaariRunner:14 - selected is clicked in page select
2022-01-17 12:02:05,250  INFO [main] CarSavaariRunner:14 - select car is clicked in page select
2022-01-17 12:02:05,502  INFO [main] CarSavaariRunner:14 - booking detail shown 
2022-01-17 12:02:06,090  INFO [main] CarSavaariRunner:14 - home page is clicked in page home page
