2022-01-17 15:24:11,495  INFO [main] CarSavaariRunner:14 - URL invoked Successfuly
2022-01-17 15:24:12,330  INFO [main] CarSavaariRunner:14 - Page opend with title Book Outstation Cabs, Local & Airport Taxi Service - India's Leading Car Rentals
2022-01-17 15:24:17,291  INFO [main] CarSavaariRunner:14 - button is clicked in page button
2022-01-17 15:24:17,948  INFO [main] CarSavaariRunner:14 - name is clicked in page id
2022-01-17 15:24:18,588  INFO [main] CarSavaariRunner:14 - name is send in page id
2022-01-17 15:24:19,383  INFO [main] CarSavaariRunner:14 - pass is clicked in page pwd
2022-01-17 15:24:19,954  INFO [main] CarSavaariRunner:14 - pass is send in page pwd
2022-01-17 15:24:20,779  INFO [main] CarSavaariRunner:14 - click is clicked in page login
2022-01-17 15:24:21,503  INFO [main] CarSavaariRunner:14 - Successfully logged in
2022-01-17 15:24:26,636  INFO [main] CarSavaariRunner:14 - Travel Agent is clicked in page Travel Agent
2022-01-17 15:24:38,223  INFO [main] CarSavaariRunner:14 - Travel Agent details shown 
2022-01-17 15:24:39,041  INFO [main] CarSavaariRunner:14 - home page is clicked in page home page
2022-01-17 15:24:42,176  INFO [main] CarSavaariRunner:14 - from place is clicked in page from
2022-01-17 15:24:42,970  INFO [main] CarSavaariRunner:14 - place is send in page from
2022-01-17 15:24:43,998  INFO [main] CarSavaariRunner:14 - place is clicked in page to
2022-01-17 15:24:44,741  INFO [main] CarSavaariRunner:14 - place is send in page to
2022-01-17 15:24:47,926  INFO [main] CarSavaariRunner:14 - selected is clicked in page select
2022-01-17 15:24:50,192  INFO [main] CarSavaariRunner:14 - Successfully verified
2022-01-17 15:24:50,808  INFO [main] CarSavaariRunner:14 - home page is clicked in page home page
2022-01-17 15:24:55,452  INFO [main] CarSavaariRunner:14 - outstation is clicked is clicked in page outstation is clicked
2022-01-17 15:24:56,510  INFO [main] CarSavaariRunner:14 - round is clicked in page round
2022-01-17 15:24:57,573  INFO [main] CarSavaariRunner:14 - selected is clicked in page select
2022-01-17 15:25:00,220  INFO [main] CarSavaariRunner:14 - select car is clicked in page select
2022-01-17 15:25:00,541  INFO [main] CarSavaariRunner:14 - booking detail shown 
2022-01-17 15:25:01,137  INFO [main] CarSavaariRunner:14 - home page is clicked in page home page
2022-01-17 15:25:02,263  INFO [main] CarSavaariRunner:14 - local is clicked in page local
2022-01-17 15:25:03,319  INFO [main] CarSavaariRunner:14 - selected is clicked in page select
2022-01-17 15:25:05,972  INFO [main] CarSavaariRunner:14 - select car is clicked in page select
2022-01-17 15:25:06,200  INFO [main] CarSavaariRunner:14 - booking detail shown 
2022-01-17 15:25:06,773  INFO [main] CarSavaariRunner:14 - home page is clicked in page home page
2022-01-17 15:25:07,359 ERROR [main] CarSavaariRunner:21 - airport is not able clicked in page airport
2022-01-17 15:25:08,488  INFO [main] CarSavaariRunner:14 - car rental is clicked in page rental
2022-01-17 15:25:11,057  INFO [main] CarSavaariRunner:14 - name is clicked in page name
2022-01-17 15:25:12,286  INFO [main] CarSavaariRunner:14 - name is send in page name
2022-01-17 15:25:13,741  INFO [main] CarSavaariRunner:14 - company name is clicked in page compname
2022-01-17 15:25:15,033  INFO [main] CarSavaariRunner:14 - company name is send in page compname
2022-01-17 15:25:16,464  INFO [main] CarSavaariRunner:14 - email is clicked in page email
2022-01-17 15:25:17,729  INFO [main] CarSavaariRunner:14 - email is send in page email
2022-01-17 15:25:19,161  INFO [main] CarSavaariRunner:14 - phone no is clicked in page phoneno
2022-01-17 15:25:20,427  INFO [main] CarSavaariRunner:14 - phone no is send in page phoneno
2022-01-17 15:25:24,059  INFO [main] CarSavaariRunner:14 - submit is clicked in page submit
2022-01-17 15:25:28,508  INFO [main] CarSavaariRunner:14 - result detail shown 
2022-01-17 15:25:29,923  INFO [main] CarSavaariRunner:14 - home page is clicked in page home page
2022-01-17 15:25:30,564  INFO [main] CarSavaariRunner:14 - insta is clicked is clicked in page insta is clicked
2022-01-17 15:25:35,904  INFO [main] CarSavaariRunner:14 - result detail shown 
2022-01-17 15:25:36,832  INFO [main] CarSavaariRunner:14 - clickbutton is clicked in page clickbutton
2022-01-17 15:25:37,348  INFO [main] CarSavaariRunner:14 - done is clicked in page done
