2022-01-17 12:05:27,509  INFO [main] CarSavaariRunner:14 - URL invoked Successfuly
2022-01-17 12:05:28,280  INFO [main] CarSavaariRunner:14 - Page opend with title Book Outstation Cabs, Local & Airport Taxi Service - India's Leading Car Rentals
2022-01-17 12:05:31,176  INFO [main] CarSavaariRunner:14 - button is clicked in page button
2022-01-17 12:05:31,837  INFO [main] CarSavaariRunner:14 - name is clicked in page id
2022-01-17 12:05:32,296  INFO [main] CarSavaariRunner:14 - name is send in page id
2022-01-17 12:05:32,933  INFO [main] CarSavaariRunner:14 - pass is clicked in page pwd
2022-01-17 12:05:33,512  INFO [main] CarSavaariRunner:14 - pass is send in page pwd
2022-01-17 12:05:34,290  INFO [main] CarSavaariRunner:14 - click is clicked in page login
2022-01-17 12:05:35,216  INFO [main] CarSavaariRunner:14 - Travel Agent is clicked in page Travel Agent
2022-01-17 12:05:38,098  INFO [main] CarSavaariRunner:14 - from place is clicked in page from
2022-01-17 12:05:38,820  INFO [main] CarSavaariRunner:14 - place is send in page from
2022-01-17 12:05:39,827  INFO [main] CarSavaariRunner:14 - place is clicked in page to
2022-01-17 12:05:40,517  INFO [main] CarSavaariRunner:14 - place is send in page to
2022-01-17 12:05:43,640  INFO [main] CarSavaariRunner:14 - selected is clicked in page select
2022-01-17 12:05:43,895  INFO [main] CarSavaariRunner:14 - Successfully verified
2022-01-17 12:05:44,504  INFO [main] CarSavaariRunner:14 - home page is clicked in page home page
2022-01-17 12:05:49,133  INFO [main] CarSavaariRunner:14 - outstation is clicked is clicked in page outstation is clicked
2022-01-17 12:05:50,117  INFO [main] CarSavaariRunner:14 - round is clicked in page round
2022-01-17 12:05:51,092  INFO [main] CarSavaariRunner:14 - selected is clicked in page select
2022-01-17 12:05:53,753  INFO [main] CarSavaariRunner:14 - select car is clicked in page select
2022-01-17 12:05:54,131  INFO [main] CarSavaariRunner:14 - booking detail shown 
2022-01-17 12:05:54,700  INFO [main] CarSavaariRunner:14 - home page is clicked in page home page
2022-01-17 12:05:55,765  INFO [main] CarSavaariRunner:14 - local is clicked in page local
2022-01-17 12:05:56,688  INFO [main] CarSavaariRunner:14 - selected is clicked in page select
2022-01-17 12:05:59,291  INFO [main] CarSavaariRunner:14 - select car is clicked in page select
2022-01-17 12:05:59,554  INFO [main] CarSavaariRunner:14 - booking detail shown 
2022-01-17 12:06:00,121  INFO [main] CarSavaariRunner:14 - home page is clicked in page home page
2022-01-17 12:06:01,158  INFO [main] CarSavaariRunner:14 - airport is clicked in page airport
